2025/10/25 23:35:51 [emerg] 1#1: cannot load certificate "/etc/ssl/private/fullchain.pem,": BIO_new_file() failed (SSL: error:80000002:system library::No such file or directory:calling fopen(/etc/ssl/private/fullchain.pem,, r) error:10000080:BIO routines::no such file)
2025/10/25 23:35:52 [emerg] 1#1: cannot load certificate "/etc/ssl/private/fullchain.pem,": BIO_new_file() failed (SSL: error:80000002:system library::No such file or directory:calling fopen(/etc/ssl/private/fullchain.pem,, r) error:10000080:BIO routines::no such file)
2025/10/25 23:35:53 [emerg] 1#1: cannot load certificate "/etc/ssl/private/fullchain.pem,": BIO_new_file() failed (SSL: error:80000002:system library::No such file or directory:calling fopen(/etc/ssl/private/fullchain.pem,, r) error:10000080:BIO routines::no such file)
2025/10/25 23:35:55 [emerg] 1#1: cannot load certificate "/etc/ssl/private/fullchain.pem,": BIO_new_file() failed (SSL: error:80000002:system library::No such file or directory:calling fopen(/etc/ssl/private/fullchain.pem,, r) error:10000080:BIO routines::no such file)
2025/10/25 23:35:56 [emerg] 1#1: cannot load certificate "/etc/ssl/private/fullchain.pem,": BIO_new_file() failed (SSL: error:80000002:system library::No such file or directory:calling fopen(/etc/ssl/private/fullchain.pem,, r) error:10000080:BIO routines::no such file)
2025/10/25 23:35:59 [emerg] 1#1: cannot load certificate "/etc/ssl/private/fullchain.pem,": BIO_new_file() failed (SSL: error:80000002:system library::No such file or directory:calling fopen(/etc/ssl/private/fullchain.pem,, r) error:10000080:BIO routines::no such file)
2025/10/25 23:39:11 [emerg] 1#1: cannot load certificate "/etc/ssl/private/fullchain.pem,": BIO_new_file() failed (SSL: error:80000002:system library::No such file or directory:calling fopen(/etc/ssl/private/fullchain.pem,, r) error:10000080:BIO routines::no such file)
2025/10/25 23:39:12 [emerg] 1#1: cannot load certificate "/etc/ssl/private/fullchain.pem,": BIO_new_file() failed (SSL: error:80000002:system library::No such file or directory:calling fopen(/etc/ssl/private/fullchain.pem,, r) error:10000080:BIO routines::no such file)
2025/10/25 23:39:13 [emerg] 1#1: cannot load certificate "/etc/ssl/private/fullchain.pem,": BIO_new_file() failed (SSL: error:80000002:system library::No such file or directory:calling fopen(/etc/ssl/private/fullchain.pem,, r) error:10000080:BIO routines::no such file)
2025/10/25 23:39:14 [emerg] 1#1: cannot load certificate "/etc/ssl/private/fullchain.pem,": BIO_new_file() failed (SSL: error:80000002:system library::No such file or directory:calling fopen(/etc/ssl/private/fullchain.pem,, r) error:10000080:BIO routines::no such file)
2025/10/25 23:39:16 [emerg] 1#1: cannot load certificate "/etc/ssl/private/fullchain.pem,": BIO_new_file() failed (SSL: error:80000002:system library::No such file or directory:calling fopen(/etc/ssl/private/fullchain.pem,, r) error:10000080:BIO routines::no such file)
2025/10/25 23:40:30 [warn] 1#1: "ssl_stapling" ignored, no OCSP responder URL in the certificate "/etc/ssl/private/fullchain.pem"
2025/10/25 23:40:30 [notice] 1#1: ModSecurity-nginx v1.0.4 (rules loaded inline/local/remote: 0/835/0)
2025/10/25 23:40:30 [notice] 1#1: libmodsecurity3 version 3.0.14
2025/10/25 23:42:43 [warn] 1#1: "ssl_stapling" ignored, no OCSP responder URL in the certificate "/etc/ssl/private/fullchain.pem"
2025/10/25 23:42:43 [notice] 1#1: ModSecurity-nginx v1.0.4 (rules loaded inline/local/remote: 0/835/0)
2025/10/25 23:42:43 [notice] 1#1: libmodsecurity3 version 3.0.14
2025/10/25 23:44:47 [warn] 1#1: "ssl_stapling" ignored, no OCSP responder URL in the certificate "/etc/ssl/private/fullchain.pem"
2025/10/25 23:44:47 [notice] 1#1: ModSecurity-nginx v1.0.4 (rules loaded inline/local/remote: 0/835/0)
2025/10/25 23:44:47 [notice] 1#1: libmodsecurity3 version 3.0.14
2025/10/25 23:47:23 [notice] 1#1: ModSecurity-nginx v1.0.4 (rules loaded inline/local/remote: 0/835/0)
2025/10/25 23:47:23 [notice] 1#1: libmodsecurity3 version 3.0.14
2025/10/25 23:47:49 [notice] 1#1: ModSecurity-nginx v1.0.4 (rules loaded inline/local/remote: 0/835/0)
2025/10/25 23:47:49 [notice] 1#1: libmodsecurity3 version 3.0.14
2025/10/26 00:54:40 [emerg] 1#1: no ssl_client_certificate or ssl_trusted_certificate for ssl_verify_client
2025/10/26 00:54:41 [emerg] 1#1: no ssl_client_certificate or ssl_trusted_certificate for ssl_verify_client
2025/10/26 00:54:42 [emerg] 1#1: no ssl_client_certificate or ssl_trusted_certificate for ssl_verify_client
2025/10/26 00:54:43 [emerg] 1#1: no ssl_client_certificate or ssl_trusted_certificate for ssl_verify_client
2025/10/26 00:54:45 [emerg] 1#1: no ssl_client_certificate or ssl_trusted_certificate for ssl_verify_client
2025/10/26 00:54:47 [emerg] 1#1: no ssl_client_certificate or ssl_trusted_certificate for ssl_verify_client
2025/10/26 00:54:51 [emerg] 1#1: no ssl_client_certificate or ssl_trusted_certificate for ssl_verify_client
2025/10/26 00:55:10 [notice] 1#1: ModSecurity-nginx v1.0.4 (rules loaded inline/local/remote: 0/835/0)
2025/10/26 00:55:10 [notice] 1#1: libmodsecurity3 version 3.0.14
2025/10/26 01:02:26 [emerg] 1#1: no ssl_client_certificate or ssl_trusted_certificate for ssl_verify_client
2025/10/26 01:02:27 [emerg] 1#1: no ssl_client_certificate or ssl_trusted_certificate for ssl_verify_client
2025/10/26 01:02:28 [emerg] 1#1: no ssl_client_certificate or ssl_trusted_certificate for ssl_verify_client
2025/10/26 01:02:29 [emerg] 1#1: no ssl_client_certificate or ssl_trusted_certificate for ssl_verify_client
2025/10/26 01:02:31 [emerg] 1#1: no ssl_client_certificate or ssl_trusted_certificate for ssl_verify_client
2025/10/26 01:02:33 [emerg] 1#1: no ssl_client_certificate or ssl_trusted_certificate for ssl_verify_client
2025/10/26 01:02:37 [emerg] 1#1: no ssl_client_certificate or ssl_trusted_certificate for ssl_verify_client
2025/10/26 01:04:24 [emerg] 1#1: BIO_new_file("/etc/ssl/certs/dhparam-2048.pem") failed (SSL: error:80000002:system library::No such file or directory:calling fopen(/etc/ssl/certs/dhparam-2048.pem, r) error:10000080:BIO routines::no such file)
2025/10/26 01:04:25 [emerg] 1#1: BIO_new_file("/etc/ssl/certs/dhparam-2048.pem") failed (SSL: error:80000002:system library::No such file or directory:calling fopen(/etc/ssl/certs/dhparam-2048.pem, r) error:10000080:BIO routines::no such file)
2025/10/26 01:04:27 [emerg] 1#1: BIO_new_file("/etc/ssl/certs/dhparam-2048.pem") failed (SSL: error:80000002:system library::No such file or directory:calling fopen(/etc/ssl/certs/dhparam-2048.pem, r) error:10000080:BIO routines::no such file)
2025/10/26 01:05:23 [notice] 1#1: ModSecurity-nginx v1.0.4 (rules loaded inline/local/remote: 0/835/0)
2025/10/26 01:05:23 [notice] 1#1: libmodsecurity3 version 3.0.14
2025/10/26 01:05:46 [emerg] 1#1: no ssl_client_certificate or ssl_trusted_certificate for ssl_verify_client
2025/10/26 01:05:47 [emerg] 1#1: no ssl_client_certificate or ssl_trusted_certificate for ssl_verify_client
2025/10/26 01:05:48 [emerg] 1#1: no ssl_client_certificate or ssl_trusted_certificate for ssl_verify_client
2025/10/26 01:05:49 [emerg] 1#1: no ssl_client_certificate or ssl_trusted_certificate for ssl_verify_client
2025/10/26 01:06:04 [warn] 1#1: "ssl_stapling" ignored, no OCSP responder URL in the certificate "/etc/ssl/private/fullchain.pem"
2025/10/26 01:06:04 [notice] 1#1: ModSecurity-nginx v1.0.4 (rules loaded inline/local/remote: 0/835/0)
2025/10/26 01:06:04 [notice] 1#1: libmodsecurity3 version 3.0.14
2025/10/26 01:19:15 [warn] 1#1: "ssl_stapling" ignored, no OCSP responder URL in the certificate "/etc/ssl/private/fullchain.pem"
2025/10/26 01:19:15 [notice] 1#1: ModSecurity-nginx v1.0.4 (rules loaded inline/local/remote: 0/835/0)
2025/10/26 01:19:15 [notice] 1#1: libmodsecurity3 version 3.0.14
2025/10/26 01:19:34 [warn] 594#594: "ssl_stapling" ignored, no OCSP responder URL in the certificate "/etc/ssl/private/fullchain.pem"
2025/10/26 01:19:34 [notice] 594#594: ModSecurity-nginx v1.0.4 (rules loaded inline/local/remote: 0/835/0)
2025/10/26 01:19:34 [notice] 594#594: libmodsecurity3 version 3.0.14
2025/10/26 01:19:34 [emerg] 594#594: bind() to 0.0.0.0:8080 failed (98: Address in use)
2025/10/26 01:19:34 [emerg] 594#594: bind() to 0.0.0.0:8443 failed (98: Address in use)
2025/10/26 01:19:34 [emerg] 594#594: bind() to 0.0.0.0:8080 failed (98: Address in use)
2025/10/26 01:19:34 [emerg] 594#594: bind() to 0.0.0.0:8443 failed (98: Address in use)
2025/10/26 01:19:34 [emerg] 594#594: bind() to 0.0.0.0:8080 failed (98: Address in use)
2025/10/26 01:19:34 [emerg] 594#594: bind() to 0.0.0.0:8443 failed (98: Address in use)
2025/10/26 01:19:34 [emerg] 594#594: bind() to 0.0.0.0:8080 failed (98: Address in use)
2025/10/26 01:19:34 [emerg] 594#594: bind() to 0.0.0.0:8443 failed (98: Address in use)
2025/10/26 01:19:40 [warn] 627#627: "ssl_stapling" ignored, no OCSP responder URL in the certificate "/etc/ssl/private/fullchain.pem"
2025/10/26 01:19:40 [notice] 627#627: ModSecurity-nginx v1.0.4 (rules loaded inline/local/remote: 0/835/0)
2025/10/26 01:19:40 [notice] 627#627: libmodsecurity3 version 3.0.14
2025/10/26 01:25:10 [warn] 776#776: "ssl_stapling" ignored, no OCSP responder URL in the certificate "/etc/ssl/private/fullchain.pem"
2025/10/26 01:25:10 [notice] 776#776: ModSecurity-nginx v1.0.4 (rules loaded inline/local/remote: 0/835/0)
2025/10/26 01:25:10 [notice] 776#776: libmodsecurity3 version 3.0.14
2025/10/26 01:25:10 [notice] 776#776: signal process started
2025/10/26 01:26:09 [emerg] 862#862: no ssl_client_certificate or ssl_trusted_certificate for ssl_verify_client
2025/10/26 01:32:53 [warn] 1045#1045: "ssl_stapling" ignored, no OCSP responder URL in the certificate "/etc/ssl/private/fullchain.pem"
2025/10/26 01:32:53 [notice] 1045#1045: ModSecurity-nginx v1.0.4 (rules loaded inline/local/remote: 0/835/0)
2025/10/26 01:32:53 [notice] 1045#1045: libmodsecurity3 version 3.0.14
2025/10/26 01:32:53 [notice] 1045#1045: signal process started
2025/10/26 01:34:16 [warn] 1150#1150: "ssl_stapling" ignored, no OCSP responder URL in the certificate "/etc/ssl/private/fullchain.pem"
2025/10/26 01:34:16 [notice] 1150#1150: ModSecurity-nginx v1.0.4 (rules loaded inline/local/remote: 0/835/0)
2025/10/26 01:34:16 [notice] 1150#1150: libmodsecurity3 version 3.0.14
2025/10/26 01:34:16 [notice] 1150#1150: signal process started
2025/10/26 18:55:25 [warn] 1#1: "ssl_stapling" ignored, no OCSP responder URL in the certificate "/etc/ssl/private/fullchain.pem"
2025/10/26 18:55:25 [notice] 1#1: ModSecurity-nginx v1.0.4 (rules loaded inline/local/remote: 0/835/0)
2025/10/26 18:55:25 [notice] 1#1: libmodsecurity3 version 3.0.14
2025/10/27 13:13:46 [warn] 1#1: "ssl_stapling" ignored, no OCSP responder URL in the certificate "/etc/ssl/private/fullchain.pem"
2025/10/27 13:13:46 [notice] 1#1: ModSecurity-nginx v1.0.4 (rules loaded inline/local/remote: 0/836/0)
2025/10/27 13:13:46 [notice] 1#1: libmodsecurity3 version 3.0.14
2025/10/27 13:16:36 [warn] 648#648: "ssl_stapling" ignored, no OCSP responder URL in the certificate "/etc/ssl/private/fullchain.pem"
2025/10/27 13:16:36 [notice] 648#648: ModSecurity-nginx v1.0.4 (rules loaded inline/local/remote: 0/836/0)
2025/10/27 13:16:36 [notice] 648#648: libmodsecurity3 version 3.0.14
2025/10/27 13:24:33 [warn] 1#1: "ssl_stapling" ignored, no OCSP responder URL in the certificate "/etc/ssl/private/fullchain.pem"
2025/10/27 13:24:33 [notice] 1#1: ModSecurity-nginx v1.0.4 (rules loaded inline/local/remote: 0/836/0)
2025/10/27 13:24:33 [notice] 1#1: libmodsecurity3 version 3.0.14
2025/10/27 13:27:55 [warn] 657#657: "ssl_stapling" ignored, no OCSP responder URL in the certificate "/etc/ssl/private/fullchain.pem"
2025/10/27 13:27:55 [notice] 657#657: ModSecurity-nginx v1.0.4 (rules loaded inline/local/remote: 0/836/0)
2025/10/27 13:27:55 [notice] 657#657: libmodsecurity3 version 3.0.14
2025/10/27 13:27:55 [notice] 657#657: signal process started
2025/10/27 13:29:07 [warn] 752#752: "ssl_stapling" ignored, no OCSP responder URL in the certificate "/etc/ssl/private/fullchain.pem"
2025/10/27 13:29:07 [notice] 752#752: ModSecurity-nginx v1.0.4 (rules loaded inline/local/remote: 0/836/0)
2025/10/27 13:29:07 [notice] 752#752: libmodsecurity3 version 3.0.14
2025/10/27 13:29:07 [notice] 752#752: signal process started
2025/10/27 13:29:27 [warn] 822#822: "ssl_stapling" ignored, no OCSP responder URL in the certificate "/etc/ssl/private/fullchain.pem"
2025/10/27 13:29:27 [notice] 822#822: ModSecurity-nginx v1.0.4 (rules loaded inline/local/remote: 0/836/0)
2025/10/27 13:29:27 [notice] 822#822: libmodsecurity3 version 3.0.14
2025/10/27 13:29:27 [notice] 822#822: signal process started
2025/10/27 13:33:27 [warn] 980#980: "ssl_stapling" ignored, no OCSP responder URL in the certificate "/etc/ssl/private/fullchain.pem"
2025/10/27 13:33:27 [notice] 980#980: ModSecurity-nginx v1.0.4 (rules loaded inline/local/remote: 0/836/0)
2025/10/27 13:33:27 [notice] 980#980: libmodsecurity3 version 3.0.14
2025/10/27 13:41:32 [warn] 1#1: "ssl_stapling" ignored, no OCSP responder URL in the certificate "/etc/ssl/private/fullchain.pem"
2025/10/27 13:41:32 [notice] 1#1: ModSecurity-nginx v1.0.4 (rules loaded inline/local/remote: 0/836/0)
2025/10/27 13:41:32 [notice] 1#1: libmodsecurity3 version 3.0.14
2025/10/27 13:51:24 [warn] 796#796: "ssl_stapling" ignored, no OCSP responder URL in the certificate "/etc/ssl/private/fullchain.pem"
2025/10/27 13:51:24 [notice] 796#796: ModSecurity-nginx v1.0.4 (rules loaded inline/local/remote: 0/836/0)
2025/10/27 13:51:24 [notice] 796#796: libmodsecurity3 version 3.0.14
2025/10/27 14:08:37 [emerg] 1#1: "location" directive is not allowed here in /etc/nginx/conf.d/00-def.conf:1
2025/10/27 14:08:38 [emerg] 1#1: "location" directive is not allowed here in /etc/nginx/conf.d/00-def.conf:1
2025/10/27 14:08:39 [emerg] 1#1: "location" directive is not allowed here in /etc/nginx/conf.d/00-def.conf:1
2025/10/27 14:08:40 [emerg] 1#1: "location" directive is not allowed here in /etc/nginx/conf.d/00-def.conf:1
2025/10/27 14:08:41 [emerg] 1#1: "location" directive is not allowed here in /etc/nginx/conf.d/00-def.conf:1
2025/10/27 14:08:43 [emerg] 1#1: "location" directive is not allowed here in /etc/nginx/conf.d/00-def.conf:1
2025/10/27 14:08:47 [emerg] 1#1: "location" directive is not allowed here in /etc/nginx/conf.d/00-def.conf:1
2025/10/27 14:09:33 [warn] 1#1: "ssl_stapling" ignored, no OCSP responder URL in the certificate "/etc/ssl/private/fullchain.pem"
2025/10/27 14:09:33 [notice] 1#1: ModSecurity-nginx v1.0.4 (rules loaded inline/local/remote: 0/836/0)
2025/10/27 14:09:33 [notice] 1#1: libmodsecurity3 version 3.0.14
2025/10/27 14:11:30 [warn] 635#635: "ssl_stapling" ignored, no OCSP responder URL in the certificate "/etc/ssl/private/fullchain.pem"
2025/10/27 14:11:30 [notice] 635#635: ModSecurity-nginx v1.0.4 (rules loaded inline/local/remote: 0/836/0)
2025/10/27 14:11:30 [notice] 635#635: libmodsecurity3 version 3.0.14
2025/10/27 14:11:30 [notice] 635#635: signal process started
2025/10/27 14:12:02 [warn] 722#722: "ssl_stapling" ignored, no OCSP responder URL in the certificate "/etc/ssl/private/fullchain.pem"
2025/10/27 14:12:02 [notice] 722#722: ModSecurity-nginx v1.0.4 (rules loaded inline/local/remote: 0/836/0)
2025/10/27 14:12:02 [notice] 722#722: libmodsecurity3 version 3.0.14
2025/10/27 14:14:18 [warn] 1#1: "ssl_stapling" ignored, no OCSP responder URL in the certificate "/etc/ssl/private/fullchain.pem"
2025/10/27 14:14:18 [notice] 1#1: ModSecurity-nginx v1.0.4 (rules loaded inline/local/remote: 0/836/0)
2025/10/27 14:14:18 [notice] 1#1: libmodsecurity3 version 3.0.14
2025/10/27 14:14:50 [warn] 609#609: "ssl_stapling" ignored, no OCSP responder URL in the certificate "/etc/ssl/private/fullchain.pem"
2025/10/27 14:14:50 [notice] 609#609: ModSecurity-nginx v1.0.4 (rules loaded inline/local/remote: 0/836/0)
2025/10/27 14:14:50 [notice] 609#609: libmodsecurity3 version 3.0.14
2025/10/27 14:16:50 [warn] 1#1: "ssl_stapling" ignored, no OCSP responder URL in the certificate "/etc/ssl/private/fullchain.pem"
2025/10/27 14:16:50 [notice] 1#1: ModSecurity-nginx v1.0.4 (rules loaded inline/local/remote: 0/836/0)
2025/10/27 14:16:50 [notice] 1#1: libmodsecurity3 version 3.0.14
2025/10/27 14:20:38 [warn] 1#1: "ssl_stapling" ignored, no OCSP responder URL in the certificate "/etc/ssl/private/fullchain.pem"
2025/10/27 14:20:38 [notice] 1#1: ModSecurity-nginx v1.0.4 (rules loaded inline/local/remote: 0/836/0)
2025/10/27 14:20:38 [notice] 1#1: libmodsecurity3 version 3.0.14
2025/10/27 14:25:12 [warn] 1#1: "ssl_stapling" ignored, no OCSP responder URL in the certificate "/etc/ssl/private/fullchain.pem"
2025/10/27 14:25:12 [notice] 1#1: ModSecurity-nginx v1.0.4 (rules loaded inline/local/remote: 0/836/0)
2025/10/27 14:25:12 [notice] 1#1: libmodsecurity3 version 3.0.14
2025/10/27 14:37:33 [warn] 1#1: "ssl_stapling" ignored, no OCSP responder URL in the certificate "/etc/ssl/private/fullchain.pem"
2025/10/27 14:37:33 [notice] 1#1: ModSecurity-nginx v1.0.4 (rules loaded inline/local/remote: 0/836/0)
2025/10/27 14:37:33 [notice] 1#1: libmodsecurity3 version 3.0.14
2025/10/27 14:42:24 [warn] 1#1: "ssl_stapling" ignored, no OCSP responder URL in the certificate "/etc/ssl/private/fullchain.pem"
2025/10/27 14:42:24 [notice] 1#1: ModSecurity-nginx v1.0.4 (rules loaded inline/local/remote: 0/836/0)
2025/10/27 14:42:24 [notice] 1#1: libmodsecurity3 version 3.0.14
2025/10/27 14:54:55 [warn] 1#1: "ssl_stapling" ignored, no OCSP responder URL in the certificate "/etc/ssl/private/fullchain.pem"
2025/10/27 14:54:55 [notice] 1#1: ModSecurity-nginx v1.0.4 (rules loaded inline/local/remote: 0/836/0)
2025/10/27 14:54:55 [notice] 1#1: libmodsecurity3 version 3.0.14
2025/10/27 14:55:56 [warn] 608#608: "ssl_stapling" ignored, no OCSP responder URL in the certificate "/etc/ssl/private/fullchain.pem"
2025/10/27 14:55:56 [notice] 608#608: ModSecurity-nginx v1.0.4 (rules loaded inline/local/remote: 0/836/0)
2025/10/27 14:55:56 [notice] 608#608: libmodsecurity3 version 3.0.14
2025/10/27 14:55:56 [notice] 608#608: signal process started
2025/10/27 14:56:59 [warn] 699#699: "ssl_stapling" ignored, no OCSP responder URL in the certificate "/etc/ssl/private/fullchain.pem"
2025/10/27 14:56:59 [notice] 699#699: ModSecurity-nginx v1.0.4 (rules loaded inline/local/remote: 0/836/0)
2025/10/27 14:56:59 [notice] 699#699: libmodsecurity3 version 3.0.14
2025/10/27 14:56:59 [notice] 699#699: signal process started
2025/10/27 15:02:01 [warn] 873#873: "ssl_stapling" ignored, no OCSP responder URL in the certificate "/etc/ssl/private/fullchain.pem"
2025/10/27 15:02:01 [notice] 873#873: ModSecurity-nginx v1.0.4 (rules loaded inline/local/remote: 0/836/0)
2025/10/27 15:02:01 [notice] 873#873: libmodsecurity3 version 3.0.14
2025/10/27 15:02:01 [notice] 873#873: signal process started
2025/10/27 15:18:21 [warn] 1275#1275: "ssl_stapling" ignored, no OCSP responder URL in the certificate "/etc/ssl/private/fullchain.pem"
2025/10/27 15:18:21 [notice] 1275#1275: ModSecurity-nginx v1.0.4 (rules loaded inline/local/remote: 0/836/0)
2025/10/27 15:18:21 [notice] 1275#1275: libmodsecurity3 version 3.0.14
2025/10/27 15:18:21 [notice] 1275#1275: signal process started
2025/10/27 15:18:47 [warn] 1356#1356: "ssl_stapling" ignored, no OCSP responder URL in the certificate "/etc/ssl/private/fullchain.pem"
2025/10/27 15:18:47 [notice] 1356#1356: ModSecurity-nginx v1.0.4 (rules loaded inline/local/remote: 0/836/0)
2025/10/27 15:18:47 [notice] 1356#1356: libmodsecurity3 version 3.0.14
2025/10/27 15:18:47 [notice] 1356#1356: signal process started
2025/10/27 15:20:01 [warn] 1457#1457: "ssl_stapling" ignored, no OCSP responder URL in the certificate "/etc/ssl/private/fullchain.pem"
2025/10/27 15:20:01 [notice] 1457#1457: ModSecurity-nginx v1.0.4 (rules loaded inline/local/remote: 0/836/0)
2025/10/27 15:20:01 [notice] 1457#1457: libmodsecurity3 version 3.0.14
2025/10/27 15:20:01 [notice] 1457#1457: signal process started
2025/10/27 15:20:07 [warn] 1527#1527: "ssl_stapling" ignored, no OCSP responder URL in the certificate "/etc/ssl/private/fullchain.pem"
2025/10/27 15:20:07 [notice] 1527#1527: ModSecurity-nginx v1.0.4 (rules loaded inline/local/remote: 0/836/0)
2025/10/27 15:20:07 [notice] 1527#1527: libmodsecurity3 version 3.0.14
2025/10/27 15:20:07 [notice] 1527#1527: signal process started
2025/10/27 15:20:27 [warn] 1597#1597: "ssl_stapling" ignored, no OCSP responder URL in the certificate "/etc/ssl/private/fullchain.pem"
2025/10/27 15:20:27 [notice] 1597#1597: ModSecurity-nginx v1.0.4 (rules loaded inline/local/remote: 0/836/0)
2025/10/27 15:20:27 [notice] 1597#1597: libmodsecurity3 version 3.0.14
2025/10/27 15:20:27 [notice] 1597#1597: signal process started
2025/10/27 15:21:15 [warn] 1#1: "ssl_stapling" ignored, no OCSP responder URL in the certificate "/etc/ssl/private/fullchain.pem"
2025/10/27 15:21:15 [notice] 1#1: ModSecurity-nginx v1.0.4 (rules loaded inline/local/remote: 0/836/0)
2025/10/27 15:21:15 [notice] 1#1: libmodsecurity3 version 3.0.14
2025/10/27 15:21:56 [warn] 598#598: "ssl_stapling" ignored, no OCSP responder URL in the certificate "/etc/ssl/private/fullchain.pem"
2025/10/27 15:21:56 [notice] 598#598: ModSecurity-nginx v1.0.4 (rules loaded inline/local/remote: 0/836/0)
2025/10/27 15:21:56 [notice] 598#598: libmodsecurity3 version 3.0.14
2025/10/27 15:21:56 [notice] 598#598: signal process started
2025/10/27 15:22:02 [warn] 669#669: "ssl_stapling" ignored, no OCSP responder URL in the certificate "/etc/ssl/private/fullchain.pem"
2025/10/27 15:22:02 [notice] 669#669: ModSecurity-nginx v1.0.4 (rules loaded inline/local/remote: 0/836/0)
2025/10/27 15:22:02 [notice] 669#669: libmodsecurity3 version 3.0.14
2025/10/27 15:22:02 [notice] 669#669: signal process started
2025/10/27 15:34:39 [warn] 1006#1006: "ssl_stapling" ignored, no OCSP responder URL in the certificate "/etc/ssl/private/fullchain.pem"
2025/10/27 15:34:39 [notice] 1006#1006: ModSecurity-nginx v1.0.4 (rules loaded inline/local/remote: 0/836/0)
2025/10/27 15:34:39 [notice] 1006#1006: libmodsecurity3 version 3.0.14
2025/10/27 15:34:39 [notice] 1006#1006: signal process started
2025/10/27 15:37:01 [warn] 1127#1127: "ssl_stapling" ignored, no OCSP responder URL in the certificate "/etc/ssl/private/fullchain.pem"
2025/10/27 15:37:01 [notice] 1127#1127: ModSecurity-nginx v1.0.4 (rules loaded inline/local/remote: 0/836/0)
2025/10/27 15:37:01 [notice] 1127#1127: libmodsecurity3 version 3.0.14
2025/10/27 15:37:01 [notice] 1127#1127: signal process started
